[09:44:44] [INFO] USER: Snippet inserido: Exportar Tabela para CSV
[09:49:07] [ERROR] ARCGIS_CONN: Falha ao listar camadas: [WinError 2] O sistema não conseguiu localizar o ficheiro especificado
[09:49:20] [INFO] CHAT: Nova instrucao recebida
[09:50:57] [ERROR] ARCGIS_CONN: Falha ao listar camadas: [WinError 2] O sistema não conseguiu localizar o ficheiro especificado
[09:53:28] [ERROR] ARCGIS_CONN: Falha ao listar camadas: [WinError 2] O sistema não conseguiu localizar o ficheiro especificado
[09:56:11] [ERROR] ARCGIS_CONN: Falha ao listar camadas: [WinError 2] O sistema não conseguiu localizar o ficheiro especificado
[09:56:35] [INFO] USER: Snippet inserido: Exportar Tabela para CSV
[10:06:03] [ERROR] ARCGIS_CONN: Falha ao listar camadas: [WinError 2] O sistema não conseguiu localizar o ficheiro especificado
[11:33:25] [ERROR] ARCGIS_CONN: Falha ao listar camadas: [WinError 2] O sistema não conseguiu localizar o ficheiro especificado
[09:48:55] [ERROR] ARCGIS_CONN: Falha ao listar camadas: [WinError 2] O sistema não conseguiu localizar o ficheiro especificado
[09:52:43] [ERROR] ARCGIS_CONN: Falha ao listar camadas: [WinError 2] O sistema não conseguiu localizar o ficheiro especificado
[09:55:45] [ERROR] ARCGIS_CONN: Falha ao listar camadas: [WinError 2] O sistema não conseguiu localizar o ficheiro especificado
[09:57:05] [ERROR] ARCGIS_CONN: Falha ao listar camadas: [WinError 2] O sistema não conseguiu localizar o ficheiro especificado
[09:58:55] [ERROR] ARCGIS_CONN: Falha ao listar camadas: [WinError 2] O sistema não conseguiu localizar o ficheiro especificado
[10:01:59] [ERROR] ARCGIS_CONN: Falha ao listar camadas: [WinError 2] O sistema não conseguiu localizar o ficheiro especificado
[10:07:28] [ERROR] ARCGIS_CONN: Falha ao listar camadas: [WinError 2] O sistema não conseguiu localizar o ficheiro especificado
[10:07:44] [RUN] SYSTEM: Preparando execução de script...
[10:07:44] [CRITICAL] SYSTEM: Erro crítico na execução: [WinError 2] O sistema não conseguiu localizar o ficheiro especificado
[10:08:41] [ERROR] ARCGIS_CONN: Falha ao listar camadas: [WinError 2] O sistema não conseguiu localizar o ficheiro especificado
[10:08:41] [INFO] CHAT: Nova instrução recebida
[10:08:43] [SUCCESS] AI: Resposta gerada com sucesso
[10:09:05] [INFO] CHAT: Nova instrução recebida
[10:09:06] [SUCCESS] AI: Resposta gerada com sucesso
[10:09:38] [INFO] CHAT: Nova instrução recebida
[10:09:39] [SUCCESS] AI: Resposta gerada com sucesso
[10:09:56] [ERROR] ARCGIS_CONN: Falha ao listar camadas: [WinError 2] O sistema não conseguiu localizar o ficheiro especificado
[10:09:56] [INFO] CHAT: Nova instrução recebida
[10:09:57] [SUCCESS] AI: Resposta gerada com sucesso
[10:10:44] [INFO] CHAT: Nova instrução recebida
[10:10:45] [SUCCESS] AI: Resposta gerada com sucesso
[10:11:04] [ERROR] ARCGIS_CONN: Falha ao listar camadas: [WinError 2] O sistema não conseguiu localizar o ficheiro especificado
[10:11:04] [INFO] CHAT: Nova instrução recebida
[10:11:05] [SUCCESS] AI: Resposta gerada com sucesso
[10:11:16] [INFO] CHAT: Nova instrução recebida
[10:11:17] [SUCCESS] AI: Resposta gerada com sucesso
[10:11:44] [INFO] CHAT: Nova instrução recebida
[10:11:45] [SUCCESS] AI: Resposta gerada com sucesso
[10:11:54] [INFO] CHAT: Nova instrução recebida
[10:11:55] [SUCCESS] AI: Resposta gerada com sucesso
[10:12:20] [ERROR] ARCGIS_CONN: Falha ao listar camadas: [WinError 2] O sistema não conseguiu localizar o ficheiro especificado
[10:12:20] [INFO] CHAT: Nova instrução recebida
[10:12:21] [SUCCESS] AI: Resposta gerada com sucesso
[10:13:02] [INFO] CHAT: Nova instrução recebida
[10:13:03] [SUCCESS] AI: Resposta gerada com sucesso
[10:13:51] [ERROR] ARCGIS_CONN: Falha ao listar camadas: [WinError 2] O sistema não conseguiu localizar o ficheiro especificado
[10:13:51] [INFO] CHAT: Nova instrução recebida
[10:13:52] [SUCCESS] AI: Resposta gerada com sucesso
[10:15:19] [ERROR] ARCGIS_CONN: Falha ao listar camadas: [WinError 2] O sistema não conseguiu localizar o ficheiro especificado
[10:15:19] [INFO] CHAT: Nova instrução recebida
[10:15:21] [SUCCESS] AI: Resposta gerada com sucesso
[10:16:22] [ERROR] ARCGIS_CONN: Falha ao listar camadas: [WinError 2] O sistema não conseguiu localizar o ficheiro especificado
[10:16:22] [INFO] CHAT: Nova instrução recebida
[10:16:24] [SUCCESS] AI: Resposta gerada com sucesso
[10:17:09] [INFO] CHAT: Nova instrução recebida
[10:17:11] [SUCCESS] AI: Resposta gerada com sucesso
[10:18:09] [ERROR] ARCGIS_CONN: Falha ao listar camadas: [WinError 2] O sistema não conseguiu localizar o ficheiro especificado
[10:18:09] [INFO] CHAT: Nova instrução recebida
[10:18:11] [SUCCESS] AI: Resposta gerada com sucesso
[11:57:44] [ERROR] ARCGIS_CONN: Falha ao listar camadas: [WinError 2] O sistema não conseguiu localizar o ficheiro especificado
[14:06:30] [ERROR] ARCGIS_CONN: Falha ao listar camadas: [WinError 2] O sistema não conseguiu localizar o ficheiro especificado
[14:52:44] [ERROR] ARCGIS_CONN: Falha ao listar camadas: [WinError 2] O sistema não conseguiu localizar o ficheiro especificado
[15:10:20] [ERROR] ARCGIS_CONN: Falha ao listar camadas: [WinError 2] O sistema não conseguiu localizar o ficheiro especificado
[15:54:27] [ERROR] ARCGIS_CONN: Falha ao listar camadas: [WinError 2] O sistema não conseguiu localizar o ficheiro especificado
[15:54:27] [INFO] CHAT: Nova instrução recebida
[15:54:29] [SUCCESS] AI: Resposta gerada com sucesso
[10:02:41] [ERROR] ARCGIS_CONN: Falha ao listar camadas: [WinError 2] O sistema não conseguiu localizar o ficheiro especificado
